<?xml version="1.0" encoding="UTF-8"?>
<testsuite name="demo.SeleniumTest" tests="1" skipped="0" failures="0" errors="0" timestamp="2020-04-28T08:25:40" hostname="AhmadHalim-LEGION" time="11.604">
  <properties/>
  <testcase name="searching" classname="demo.SeleniumTest" time="11.604"/>
  <system-out><![CDATA[]]></system-out>
  <system-err><![CDATA[Starting ChromeDriver 81.0.4044.69 (6813546031a4bc83f717a2ef7cd4ac6ec1199132-refs/branch-heads/4044@{#776}) on port 3575
Only local connections are allowed.
Please protect ports used by ChromeDriver and related test frameworks to prevent access by malicious code.
Apr 28, 2020 3:25:44 PM org.openqa.selenium.remote.ProtocolHandshake createSession
INFO: Detected dialect: W3C
[1588062348.898][SEVERE]: Timed out receiving message from renderer: 0.100
[1588062349.000][SEVERE]: Timed out receiving message from renderer: 0.100
[1588062349.187][SEVERE]: Timed out receiving message from renderer: 0.100
[1588062349.343][SEVERE]: Timed out receiving message from renderer: 0.100
[1588062349.446][SEVERE]: Timed out receiving message from renderer: 0.100
[1588062349.548][SEVERE]: Timed out receiving message from renderer: 0.100
[1588062349.654][SEVERE]: Timed out receiving message from renderer: 0.100
[1588062349.769][SEVERE]: Timed out receiving message from renderer: 0.100
[1588062349.873][SEVERE]: Timed out receiving message from renderer: 0.100
[1588062349.977][SEVERE]: Timed out receiving message from renderer: 0.100
[1588062350.079][SEVERE]: Timed out receiving message from renderer: 0.100
[1588062350.181][SEVERE]: Timed out receiving message from renderer: 0.100
]]></system-err>
</testsuite>
